app/build/intermediates/manifest_merge_blame_file/debug/manifest-merger-blame-debug-report.txt
1<?xml version="1.0" encoding="utf-8"?>
2<manifest xmlns:android="http://schemas.android.com/apk/res/android"
3    xmlns:dist="http://schemas.android.com/apk/distribution"
4    package="com.itla.apppost"
5    android:versionCode="1"
6    android:versionName="1.0" >
7
8    <uses-sdk
9        android:minSdkVersion="28"
9-->src/main/AndroidManifest.xml
10        android:targetSdkVersion="29" />
10-->src/main/AndroidManifest.xml
11
12    <uses-permission android:name="android.permission.INTERNET" />
12-->src/main/AndroidManifest.xml:6:2-80
12-->src/main/AndroidManifest.xml:6:19-61
13    <uses-permission android:name="android.permission.ACCESS_NETWORK_STATE" />
13-->src/main/AndroidManifest.xml:7:2-76
13-->src/main/AndroidManifest.xml:7:19-73
14
15    <dist:module dist:instant="true" />
15-->src/main/AndroidManifest.xml:9:2-37
15-->src/main/AndroidManifest.xml:9:15-34
16
17    <application
17-->src/main/AndroidManifest.xml:11:2-35:16
18        android:allowBackup="true"
18-->src/main/AndroidManifest.xml:12:3-29
19        android:appComponentFactory="androidx.core.app.CoreComponentFactory"
19-->[androidx.core:core:1.1.0] AndroidManifest.xml:24:18-86
20        android:debuggable="true"
21        android:extractNativeLibs="false"
22        android:icon="@mipmap/ic_launcher"
22-->src/main/AndroidManifest.xml:13:3-37
23        android:label="@string/app_name"
23-->src/main/AndroidManifest.xml:14:3-35
24        android:roundIcon="@mipmap/ic_launcher_round"
24-->src/main/AndroidManifest.xml:15:3-48
25        android:supportsRtl="true"
25-->src/main/AndroidManifest.xml:16:3-29
26        android:testOnly="true"
27        android:theme="@style/AppTheme"
27-->src/main/AndroidManifest.xml:17:3-34
28        android:usesCleartextTraffic="true"
28-->src/main/AndroidManifest.xml:19:3-38
29        android:windowSoftInputMode="adjustResize" >
29-->src/main/AndroidManifest.xml:18:3-45
30        <activity android:name="com.itla.apppost.MainActivity" >
30-->src/main/AndroidManifest.xml:20:3-26:14
30-->src/main/AndroidManifest.xml:20:13-41
31            <intent-filter>
31-->src/main/AndroidManifest.xml:21:4-25:20
32                <action android:name="android.intent.action.MAIN" />
32-->src/main/AndroidManifest.xml:22:5-57
32-->src/main/AndroidManifest.xml:22:13-54
33
34                <category android:name="android.intent.category.LAUNCHER" />
34-->src/main/AndroidManifest.xml:24:5-65
34-->src/main/AndroidManifest.xml:24:15-62
35            </intent-filter>
36        </activity>
37        <activity android:name="com.itla.apppost.wall.PostWallActivity" />
37-->src/main/AndroidManifest.xml:27:3-53
37-->src/main/AndroidManifest.xml:27:13-50
38        <activity android:name="com.itla.apppost.wall.PostActivity" />
38-->src/main/AndroidManifest.xml:28:3-49
38-->src/main/AndroidManifest.xml:28:13-46
39        <activity android:name="com.itla.apppost.wall.PostViewActivity" />
39-->src/main/AndroidManifest.xml:29:3-53
39-->src/main/AndroidManifest.xml:29:13-50
40
41        <meta-data
41-->src/main/AndroidManifest.xml:31:3-33:48
42            android:name="preloaded_fonts"
42-->src/main/AndroidManifest.xml:32:4-34
43            android:resource="@array/preloaded_fonts" />
43-->src/main/AndroidManifest.xml:33:4-45
44    </application>
45
46</manifest>